2024-05-27 00:03:14,049 DEBUG o.s.c.l.LogFormatUtils [http-nio-8081-exec-5] POST "/?v-r=heartbeat&v-uiId=1", parameters={v-r:[heartbeat], v-uiId:[1]}
2024-05-27 00:03:14,052 DEBUG o.s.w.s.FrameworkServlet [http-nio-8081-exec-5] Completed 200 OK
2024-05-27 00:08:15,047 DEBUG o.s.c.l.LogFormatUtils [http-nio-8081-exec-9] POST "/?v-r=heartbeat&v-uiId=1", parameters={v-r:[heartbeat], v-uiId:[1]}
2024-05-27 00:08:15,048 DEBUG o.s.w.s.FrameworkServlet [http-nio-8081-exec-9] Completed 200 OK
2024-05-27 00:13:16,048 DEBUG o.s.c.l.LogFormatUtils [http-nio-8081-exec-2] POST "/?v-r=heartbeat&v-uiId=1", parameters={v-r:[heartbeat], v-uiId:[1]}
2024-05-27 00:13:16,050 DEBUG o.s.w.s.FrameworkServlet [http-nio-8081-exec-2] Completed 200 OK
2024-05-27 00:18:17,053 DEBUG o.s.c.l.LogFormatUtils [http-nio-8081-exec-10] POST "/?v-r=heartbeat&v-uiId=1", parameters={v-r:[heartbeat], v-uiId:[1]}
2024-05-27 00:18:17,054 DEBUG o.s.w.s.FrameworkServlet [http-nio-8081-exec-10] Completed 200 OK
2024-05-27 00:23:18,057 DEBUG o.s.c.l.LogFormatUtils [http-nio-8081-exec-8] POST "/?v-r=heartbeat&v-uiId=1", parameters={v-r:[heartbeat], v-uiId:[1]}
2024-05-27 00:23:18,059 DEBUG o.s.w.s.FrameworkServlet [http-nio-8081-exec-8] Completed 200 OK
2024-05-27 00:28:19,049 DEBUG o.s.c.l.LogFormatUtils [http-nio-8081-exec-4] POST "/?v-r=heartbeat&v-uiId=1", parameters={v-r:[heartbeat], v-uiId:[1]}
2024-05-27 00:28:19,050 DEBUG o.s.w.s.FrameworkServlet [http-nio-8081-exec-4] Completed 200 OK
2024-05-27 00:33:20,060 DEBUG o.s.c.l.LogFormatUtils [http-nio-8081-exec-7] POST "/?v-r=heartbeat&v-uiId=1", parameters={v-r:[heartbeat], v-uiId:[1]}
2024-05-27 00:33:20,061 DEBUG o.s.w.s.FrameworkServlet [http-nio-8081-exec-7] Completed 200 OK
2024-05-27 00:38:21,058 DEBUG o.s.c.l.LogFormatUtils [http-nio-8081-exec-5] POST "/?v-r=heartbeat&v-uiId=1", parameters={v-r:[heartbeat], v-uiId:[1]}
2024-05-27 00:38:21,060 DEBUG o.s.w.s.FrameworkServlet [http-nio-8081-exec-5] Completed 200 OK
2024-05-27 00:43:22,050 DEBUG o.s.c.l.LogFormatUtils [http-nio-8081-exec-6] POST "/?v-r=heartbeat&v-uiId=1", parameters={v-r:[heartbeat], v-uiId:[1]}
2024-05-27 00:43:22,050 DEBUG o.s.w.s.FrameworkServlet [http-nio-8081-exec-6] Completed 200 OK
2024-05-27 00:48:23,052 DEBUG o.s.c.l.LogFormatUtils [http-nio-8081-exec-9] POST "/?v-r=heartbeat&v-uiId=1", parameters={v-r:[heartbeat], v-uiId:[1]}
2024-05-27 00:48:23,053 DEBUG o.s.w.s.FrameworkServlet [http-nio-8081-exec-9] Completed 200 OK
2024-05-27 00:53:24,054 DEBUG o.s.c.l.LogFormatUtils [http-nio-8081-exec-10] POST "/?v-r=heartbeat&v-uiId=1", parameters={v-r:[heartbeat], v-uiId:[1]}
2024-05-27 00:53:24,055 DEBUG o.s.w.s.FrameworkServlet [http-nio-8081-exec-10] Completed 200 OK
2024-05-27 00:58:25,059 DEBUG o.s.c.l.LogFormatUtils [http-nio-8081-exec-1] POST "/?v-r=heartbeat&v-uiId=1", parameters={v-r:[heartbeat], v-uiId:[1]}
2024-05-27 00:58:25,060 DEBUG o.s.w.s.FrameworkServlet [http-nio-8081-exec-1] Completed 200 OK
2024-05-27 01:03:26,046 DEBUG o.s.c.l.LogFormatUtils [http-nio-8081-exec-8] POST "/?v-r=heartbeat&v-uiId=1", parameters={v-r:[heartbeat], v-uiId:[1]}
2024-05-27 01:03:26,048 DEBUG o.s.w.s.FrameworkServlet [http-nio-8081-exec-8] Completed 200 OK
2024-05-27 01:08:27,054 DEBUG o.s.c.l.LogFormatUtils [http-nio-8081-exec-7] POST "/?v-r=heartbeat&v-uiId=1", parameters={v-r:[heartbeat], v-uiId:[1]}
2024-05-27 01:08:27,055 DEBUG o.s.w.s.FrameworkServlet [http-nio-8081-exec-7] Completed 200 OK
2024-05-27 01:13:28,049 DEBUG o.s.c.l.LogFormatUtils [http-nio-8081-exec-3] POST "/?v-r=heartbeat&v-uiId=1", parameters={v-r:[heartbeat], v-uiId:[1]}
2024-05-27 01:13:28,051 DEBUG o.s.w.s.FrameworkServlet [http-nio-8081-exec-3] Completed 200 OK
2024-05-27 01:18:29,047 DEBUG o.s.c.l.LogFormatUtils [http-nio-8081-exec-5] POST "/?v-r=heartbeat&v-uiId=1", parameters={v-r:[heartbeat], v-uiId:[1]}
2024-05-27 01:18:29,048 DEBUG o.s.w.s.FrameworkServlet [http-nio-8081-exec-5] Completed 200 OK
2024-05-27 01:23:30,061 DEBUG o.s.c.l.LogFormatUtils [http-nio-8081-exec-9] POST "/?v-r=heartbeat&v-uiId=1", parameters={v-r:[heartbeat], v-uiId:[1]}
2024-05-27 01:23:30,063 DEBUG o.s.w.s.FrameworkServlet [http-nio-8081-exec-9] Completed 200 OK
2024-05-27 01:28:31,054 DEBUG o.s.c.l.LogFormatUtils [http-nio-8081-exec-2] POST "/?v-r=heartbeat&v-uiId=1", parameters={v-r:[heartbeat], v-uiId:[1]}
2024-05-27 01:28:31,055 DEBUG o.s.w.s.FrameworkServlet [http-nio-8081-exec-2] Completed 200 OK
2024-05-27 01:33:32,054 DEBUG o.s.c.l.LogFormatUtils [http-nio-8081-exec-2] POST "/?v-r=heartbeat&v-uiId=1", parameters={v-r:[heartbeat], v-uiId:[1]}
2024-05-27 01:33:32,055 DEBUG o.s.w.s.FrameworkServlet [http-nio-8081-exec-2] Completed 200 OK
2024-05-27 01:38:33,055 DEBUG o.s.c.l.LogFormatUtils [http-nio-8081-exec-1] POST "/?v-r=heartbeat&v-uiId=1", parameters={v-r:[heartbeat], v-uiId:[1]}
2024-05-27 01:38:33,057 DEBUG o.s.w.s.FrameworkServlet [http-nio-8081-exec-1] Completed 200 OK
2024-05-27 01:43:34,050 DEBUG o.s.c.l.LogFormatUtils [http-nio-8081-exec-8] POST "/?v-r=heartbeat&v-uiId=1", parameters={v-r:[heartbeat], v-uiId:[1]}
2024-05-27 01:43:34,050 DEBUG o.s.w.s.FrameworkServlet [http-nio-8081-exec-8] Completed 200 OK
2024-05-27 01:48:35,052 DEBUG o.s.c.l.LogFormatUtils [http-nio-8081-exec-4] POST "/?v-r=heartbeat&v-uiId=1", parameters={v-r:[heartbeat], v-uiId:[1]}
2024-05-27 01:48:35,054 DEBUG o.s.w.s.FrameworkServlet [http-nio-8081-exec-4] Completed 200 OK
2024-05-27 01:53:36,061 DEBUG o.s.c.l.LogFormatUtils [http-nio-8081-exec-3] POST "/?v-r=heartbeat&v-uiId=1", parameters={v-r:[heartbeat], v-uiId:[1]}
2024-05-27 01:53:36,062 DEBUG o.s.w.s.FrameworkServlet [http-nio-8081-exec-3] Completed 200 OK
2024-05-27 01:58:37,049 DEBUG o.s.c.l.LogFormatUtils [http-nio-8081-exec-5] POST "/?v-r=heartbeat&v-uiId=1", parameters={v-r:[heartbeat], v-uiId:[1]}
2024-05-27 01:58:37,050 DEBUG o.s.w.s.FrameworkServlet [http-nio-8081-exec-5] Completed 200 OK
2024-05-27 02:03:38,060 DEBUG o.s.c.l.LogFormatUtils [http-nio-8081-exec-6] POST "/?v-r=heartbeat&v-uiId=1", parameters={v-r:[heartbeat], v-uiId:[1]}
2024-05-27 02:03:38,062 DEBUG o.s.w.s.FrameworkServlet [http-nio-8081-exec-6] Completed 200 OK
2024-05-27 02:08:39,051 DEBUG o.s.c.l.LogFormatUtils [http-nio-8081-exec-2] POST "/?v-r=heartbeat&v-uiId=1", parameters={v-r:[heartbeat], v-uiId:[1]}
2024-05-27 02:08:39,052 DEBUG o.s.w.s.FrameworkServlet [http-nio-8081-exec-2] Completed 200 OK
2024-05-27 02:13:40,057 DEBUG o.s.c.l.LogFormatUtils [http-nio-8081-exec-10] POST "/?v-r=heartbeat&v-uiId=1", parameters={v-r:[heartbeat], v-uiId:[1]}
2024-05-27 02:13:40,058 DEBUG o.s.w.s.FrameworkServlet [http-nio-8081-exec-10] Completed 200 OK
2024-05-27 02:18:41,057 DEBUG o.s.c.l.LogFormatUtils [http-nio-8081-exec-1] POST "/?v-r=heartbeat&v-uiId=1", parameters={v-r:[heartbeat], v-uiId:[1]}
2024-05-27 02:18:41,058 DEBUG o.s.w.s.FrameworkServlet [http-nio-8081-exec-1] Completed 200 OK
2024-05-27 02:23:42,047 DEBUG o.s.c.l.LogFormatUtils [http-nio-8081-exec-4] POST "/?v-r=heartbeat&v-uiId=1", parameters={v-r:[heartbeat], v-uiId:[1]}
2024-05-27 02:23:42,048 DEBUG o.s.w.s.FrameworkServlet [http-nio-8081-exec-4] Completed 200 OK
2024-05-27 02:28:43,052 DEBUG o.s.c.l.LogFormatUtils [http-nio-8081-exec-7] POST "/?v-r=heartbeat&v-uiId=1", parameters={v-r:[heartbeat], v-uiId:[1]}
2024-05-27 02:28:43,054 DEBUG o.s.w.s.FrameworkServlet [http-nio-8081-exec-7] Completed 200 OK
2024-05-27 02:33:44,048 DEBUG o.s.c.l.LogFormatUtils [http-nio-8081-exec-3] POST "/?v-r=heartbeat&v-uiId=1", parameters={v-r:[heartbeat], v-uiId:[1]}
2024-05-27 02:33:44,049 DEBUG o.s.w.s.FrameworkServlet [http-nio-8081-exec-3] Completed 200 OK
2024-05-27 02:38:45,060 DEBUG o.s.c.l.LogFormatUtils [http-nio-8081-exec-6] POST "/?v-r=heartbeat&v-uiId=1", parameters={v-r:[heartbeat], v-uiId:[1]}
2024-05-27 02:38:45,062 DEBUG o.s.w.s.FrameworkServlet [http-nio-8081-exec-6] Completed 200 OK
2024-05-27 02:43:46,054 DEBUG o.s.c.l.LogFormatUtils [http-nio-8081-exec-9] POST "/?v-r=heartbeat&v-uiId=1", parameters={v-r:[heartbeat], v-uiId:[1]}
2024-05-27 02:43:46,055 DEBUG o.s.w.s.FrameworkServlet [http-nio-8081-exec-9] Completed 200 OK
2024-05-27 02:48:47,049 DEBUG o.s.c.l.LogFormatUtils [http-nio-8081-exec-2] POST "/?v-r=heartbeat&v-uiId=1", parameters={v-r:[heartbeat], v-uiId:[1]}
2024-05-27 02:48:47,050 DEBUG o.s.w.s.FrameworkServlet [http-nio-8081-exec-2] Completed 200 OK
2024-05-27 02:53:48,060 DEBUG o.s.c.l.LogFormatUtils [http-nio-8081-exec-1] POST "/?v-r=heartbeat&v-uiId=1", parameters={v-r:[heartbeat], v-uiId:[1]}
2024-05-27 02:53:48,062 DEBUG o.s.w.s.FrameworkServlet [http-nio-8081-exec-1] Completed 200 OK
2024-05-27 02:58:49,048 DEBUG o.s.c.l.LogFormatUtils [http-nio-8081-exec-8] POST "/?v-r=heartbeat&v-uiId=1", parameters={v-r:[heartbeat], v-uiId:[1]}
2024-05-27 02:58:49,049 DEBUG o.s.w.s.FrameworkServlet [http-nio-8081-exec-8] Completed 200 OK
2024-05-27 03:03:50,053 DEBUG o.s.c.l.LogFormatUtils [http-nio-8081-exec-4] POST "/?v-r=heartbeat&v-uiId=1", parameters={v-r:[heartbeat], v-uiId:[1]}
2024-05-27 03:03:50,054 DEBUG o.s.w.s.FrameworkServlet [http-nio-8081-exec-4] Completed 200 OK
2024-05-27 03:08:51,052 DEBUG o.s.c.l.LogFormatUtils [http-nio-8081-exec-3] POST "/?v-r=heartbeat&v-uiId=1", parameters={v-r:[heartbeat], v-uiId:[1]}
2024-05-27 03:08:51,053 DEBUG o.s.w.s.FrameworkServlet [http-nio-8081-exec-3] Completed 200 OK
2024-05-27 03:13:52,050 DEBUG o.s.c.l.LogFormatUtils [http-nio-8081-exec-5] POST "/?v-r=heartbeat&v-uiId=1", parameters={v-r:[heartbeat], v-uiId:[1]}
2024-05-27 03:13:52,051 DEBUG o.s.w.s.FrameworkServlet [http-nio-8081-exec-5] Completed 200 OK
2024-05-27 03:18:53,061 DEBUG o.s.c.l.LogFormatUtils [http-nio-8081-exec-6] POST "/?v-r=heartbeat&v-uiId=1", parameters={v-r:[heartbeat], v-uiId:[1]}
2024-05-27 03:18:53,063 DEBUG o.s.w.s.FrameworkServlet [http-nio-8081-exec-6] Completed 200 OK
2024-05-27 03:23:54,059 DEBUG o.s.c.l.LogFormatUtils [http-nio-8081-exec-2] POST "/?v-r=heartbeat&v-uiId=1", parameters={v-r:[heartbeat], v-uiId:[1]}
2024-05-27 03:23:54,060 DEBUG o.s.w.s.FrameworkServlet [http-nio-8081-exec-2] Completed 200 OK
2024-05-27 03:28:55,052 DEBUG o.s.c.l.LogFormatUtils [http-nio-8081-exec-10] POST "/?v-r=heartbeat&v-uiId=1", parameters={v-r:[heartbeat], v-uiId:[1]}
2024-05-27 03:28:55,054 DEBUG o.s.w.s.FrameworkServlet [http-nio-8081-exec-10] Completed 200 OK
2024-05-27 03:33:56,059 DEBUG o.s.c.l.LogFormatUtils [http-nio-8081-exec-1] POST "/?v-r=heartbeat&v-uiId=1", parameters={v-r:[heartbeat], v-uiId:[1]}
2024-05-27 03:33:56,060 DEBUG o.s.w.s.FrameworkServlet [http-nio-8081-exec-1] Completed 200 OK
2024-05-27 03:38:57,053 DEBUG o.s.c.l.LogFormatUtils [http-nio-8081-exec-4] POST "/?v-r=heartbeat&v-uiId=1", parameters={v-r:[heartbeat], v-uiId:[1]}
2024-05-27 03:38:57,055 DEBUG o.s.w.s.FrameworkServlet [http-nio-8081-exec-4] Completed 200 OK
2024-05-27 03:43:58,059 DEBUG o.s.c.l.LogFormatUtils [http-nio-8081-exec-7] POST "/?v-r=heartbeat&v-uiId=1", parameters={v-r:[heartbeat], v-uiId:[1]}
2024-05-27 03:43:58,060 DEBUG o.s.w.s.FrameworkServlet [http-nio-8081-exec-7] Completed 200 OK
2024-05-27 03:48:59,062 DEBUG o.s.c.l.LogFormatUtils [http-nio-8081-exec-3] POST "/?v-r=heartbeat&v-uiId=1", parameters={v-r:[heartbeat], v-uiId:[1]}
2024-05-27 03:48:59,063 DEBUG o.s.w.s.FrameworkServlet [http-nio-8081-exec-3] Completed 200 OK
2024-05-27 03:54:00,049 DEBUG o.s.c.l.LogFormatUtils [http-nio-8081-exec-6] POST "/?v-r=heartbeat&v-uiId=1", parameters={v-r:[heartbeat], v-uiId:[1]}
2024-05-27 03:54:00,051 DEBUG o.s.w.s.FrameworkServlet [http-nio-8081-exec-6] Completed 200 OK
2024-05-27 03:59:01,052 DEBUG o.s.c.l.LogFormatUtils [http-nio-8081-exec-9] POST "/?v-r=heartbeat&v-uiId=1", parameters={v-r:[heartbeat], v-uiId:[1]}
2024-05-27 03:59:01,053 DEBUG o.s.w.s.FrameworkServlet [http-nio-8081-exec-9] Completed 200 OK
2024-05-27 04:04:02,047 DEBUG o.s.c.l.LogFormatUtils [http-nio-8081-exec-2] POST "/?v-r=heartbeat&v-uiId=1", parameters={v-r:[heartbeat], v-uiId:[1]}
2024-05-27 04:04:02,048 DEBUG o.s.w.s.FrameworkServlet [http-nio-8081-exec-2] Completed 200 OK
2024-05-27 04:09:03,053 DEBUG o.s.c.l.LogFormatUtils [http-nio-8081-exec-1] POST "/?v-r=heartbeat&v-uiId=1", parameters={v-r:[heartbeat], v-uiId:[1]}
2024-05-27 04:09:03,054 DEBUG o.s.w.s.FrameworkServlet [http-nio-8081-exec-1] Completed 200 OK
2024-05-27 04:14:04,051 DEBUG o.s.c.l.LogFormatUtils [http-nio-8081-exec-8] POST "/?v-r=heartbeat&v-uiId=1", parameters={v-r:[heartbeat], v-uiId:[1]}
2024-05-27 04:14:04,051 DEBUG o.s.w.s.FrameworkServlet [http-nio-8081-exec-8] Completed 200 OK
2024-05-27 04:19:05,047 DEBUG o.s.c.l.LogFormatUtils [http-nio-8081-exec-4] POST "/?v-r=heartbeat&v-uiId=1", parameters={v-r:[heartbeat], v-uiId:[1]}
2024-05-27 04:19:05,049 DEBUG o.s.w.s.FrameworkServlet [http-nio-8081-exec-4] Completed 200 OK
2024-05-27 04:24:06,056 DEBUG o.s.c.l.LogFormatUtils [http-nio-8081-exec-7] POST "/?v-r=heartbeat&v-uiId=1", parameters={v-r:[heartbeat], v-uiId:[1]}
2024-05-27 04:24:06,057 DEBUG o.s.w.s.FrameworkServlet [http-nio-8081-exec-7] Completed 200 OK
2024-05-27 04:29:07,047 DEBUG o.s.c.l.LogFormatUtils [http-nio-8081-exec-5] POST "/?v-r=heartbeat&v-uiId=1", parameters={v-r:[heartbeat], v-uiId:[1]}
2024-05-27 04:29:07,049 DEBUG o.s.w.s.FrameworkServlet [http-nio-8081-exec-5] Completed 200 OK
2024-05-27 04:34:08,050 DEBUG o.s.c.l.LogFormatUtils [http-nio-8081-exec-6] POST "/?v-r=heartbeat&v-uiId=1", parameters={v-r:[heartbeat], v-uiId:[1]}
2024-05-27 04:34:08,051 DEBUG o.s.w.s.FrameworkServlet [http-nio-8081-exec-6] Completed 200 OK
2024-05-27 04:39:09,051 DEBUG o.s.c.l.LogFormatUtils [http-nio-8081-exec-9] POST "/?v-r=heartbeat&v-uiId=1", parameters={v-r:[heartbeat], v-uiId:[1]}
2024-05-27 04:39:09,052 DEBUG o.s.w.s.FrameworkServlet [http-nio-8081-exec-9] Completed 200 OK
2024-05-27 04:44:10,055 DEBUG o.s.c.l.LogFormatUtils [http-nio-8081-exec-10] POST "/?v-r=heartbeat&v-uiId=1", parameters={v-r:[heartbeat], v-uiId:[1]}
2024-05-27 04:44:10,057 DEBUG o.s.w.s.FrameworkServlet [http-nio-8081-exec-10] Completed 200 OK
2024-05-27 04:49:11,049 DEBUG o.s.c.l.LogFormatUtils [http-nio-8081-exec-1] POST "/?v-r=heartbeat&v-uiId=1", parameters={v-r:[heartbeat], v-uiId:[1]}
2024-05-27 04:49:11,050 DEBUG o.s.w.s.FrameworkServlet [http-nio-8081-exec-1] Completed 200 OK
2024-05-27 04:54:12,046 DEBUG o.s.c.l.LogFormatUtils [http-nio-8081-exec-8] POST "/?v-r=heartbeat&v-uiId=1", parameters={v-r:[heartbeat], v-uiId:[1]}
2024-05-27 04:54:12,048 DEBUG o.s.w.s.FrameworkServlet [http-nio-8081-exec-8] Completed 200 OK
2024-05-27 04:59:13,050 DEBUG o.s.c.l.LogFormatUtils [http-nio-8081-exec-7] POST "/?v-r=heartbeat&v-uiId=1", parameters={v-r:[heartbeat], v-uiId:[1]}
2024-05-27 04:59:13,051 DEBUG o.s.w.s.FrameworkServlet [http-nio-8081-exec-7] Completed 200 OK
2024-05-27 05:04:14,059 DEBUG o.s.c.l.LogFormatUtils [http-nio-8081-exec-3] POST "/?v-r=heartbeat&v-uiId=1", parameters={v-r:[heartbeat], v-uiId:[1]}
2024-05-27 05:04:14,060 DEBUG o.s.w.s.FrameworkServlet [http-nio-8081-exec-3] Completed 200 OK
2024-05-27 05:09:15,053 DEBUG o.s.c.l.LogFormatUtils [http-nio-8081-exec-5] POST "/?v-r=heartbeat&v-uiId=1", parameters={v-r:[heartbeat], v-uiId:[1]}
2024-05-27 05:09:15,054 DEBUG o.s.w.s.FrameworkServlet [http-nio-8081-exec-5] Completed 200 OK
2024-05-27 05:14:16,051 DEBUG o.s.c.l.LogFormatUtils [http-nio-8081-exec-9] POST "/?v-r=heartbeat&v-uiId=1", parameters={v-r:[heartbeat], v-uiId:[1]}
2024-05-27 05:14:16,052 DEBUG o.s.w.s.FrameworkServlet [http-nio-8081-exec-9] Completed 200 OK
2024-05-27 05:19:17,054 DEBUG o.s.c.l.LogFormatUtils [http-nio-8081-exec-2] POST "/?v-r=heartbeat&v-uiId=1", parameters={v-r:[heartbeat], v-uiId:[1]}
2024-05-27 05:19:17,056 DEBUG o.s.w.s.FrameworkServlet [http-nio-8081-exec-2] Completed 200 OK
2024-05-27 05:24:18,054 DEBUG o.s.c.l.LogFormatUtils [http-nio-8081-exec-10] POST "/?v-r=heartbeat&v-uiId=1", parameters={v-r:[heartbeat], v-uiId:[1]}
2024-05-27 05:24:18,055 DEBUG o.s.w.s.FrameworkServlet [http-nio-8081-exec-10] Completed 200 OK
2024-05-27 05:29:19,051 DEBUG o.s.c.l.LogFormatUtils [http-nio-8081-exec-8] POST "/?v-r=heartbeat&v-uiId=1", parameters={v-r:[heartbeat], v-uiId:[1]}
2024-05-27 05:29:19,052 DEBUG o.s.w.s.FrameworkServlet [http-nio-8081-exec-8] Completed 200 OK
2024-05-27 05:34:20,057 DEBUG o.s.c.l.LogFormatUtils [http-nio-8081-exec-4] POST "/?v-r=heartbeat&v-uiId=1", parameters={v-r:[heartbeat], v-uiId:[1]}
2024-05-27 05:34:20,059 DEBUG o.s.w.s.FrameworkServlet [http-nio-8081-exec-4] Completed 200 OK
2024-05-27 05:39:21,060 DEBUG o.s.c.l.LogFormatUtils [http-nio-8081-exec-7] POST "/?v-r=heartbeat&v-uiId=1", parameters={v-r:[heartbeat], v-uiId:[1]}
2024-05-27 05:39:21,061 DEBUG o.s.w.s.FrameworkServlet [http-nio-8081-exec-7] Completed 200 OK
2024-05-27 05:44:22,060 DEBUG o.s.c.l.LogFormatUtils [http-nio-8081-exec-5] POST "/?v-r=heartbeat&v-uiId=1", parameters={v-r:[heartbeat], v-uiId:[1]}
2024-05-27 05:44:22,062 DEBUG o.s.w.s.FrameworkServlet [http-nio-8081-exec-5] Completed 200 OK
2024-05-27 05:49:23,052 DEBUG o.s.c.l.LogFormatUtils [http-nio-8081-exec-6] POST "/?v-r=heartbeat&v-uiId=1", parameters={v-r:[heartbeat], v-uiId:[1]}
2024-05-27 05:49:23,053 DEBUG o.s.w.s.FrameworkServlet [http-nio-8081-exec-6] Completed 200 OK
2024-05-27 05:54:24,047 DEBUG o.s.c.l.LogFormatUtils [http-nio-8081-exec-9] POST "/?v-r=heartbeat&v-uiId=1", parameters={v-r:[heartbeat], v-uiId:[1]}
2024-05-27 05:54:24,048 DEBUG o.s.w.s.FrameworkServlet [http-nio-8081-exec-9] Completed 200 OK
2024-05-27 05:59:25,051 DEBUG o.s.c.l.LogFormatUtils [http-nio-8081-exec-10] POST "/?v-r=heartbeat&v-uiId=1", parameters={v-r:[heartbeat], v-uiId:[1]}
2024-05-27 05:59:25,053 DEBUG o.s.w.s.FrameworkServlet [http-nio-8081-exec-10] Completed 200 OK
2024-05-27 06:04:26,053 DEBUG o.s.c.l.LogFormatUtils [http-nio-8081-exec-1] POST "/?v-r=heartbeat&v-uiId=1", parameters={v-r:[heartbeat], v-uiId:[1]}
2024-05-27 06:04:26,054 DEBUG o.s.w.s.FrameworkServlet [http-nio-8081-exec-1] Completed 200 OK
2024-05-27 06:09:27,055 DEBUG o.s.c.l.LogFormatUtils [http-nio-8081-exec-8] POST "/?v-r=heartbeat&v-uiId=1", parameters={v-r:[heartbeat], v-uiId:[1]}
2024-05-27 06:09:27,056 DEBUG o.s.w.s.FrameworkServlet [http-nio-8081-exec-8] Completed 200 OK
2024-05-27 06:14:28,050 DEBUG o.s.c.l.LogFormatUtils [http-nio-8081-exec-7] POST "/?v-r=heartbeat&v-uiId=1", parameters={v-r:[heartbeat], v-uiId:[1]}
2024-05-27 06:14:28,051 DEBUG o.s.w.s.FrameworkServlet [http-nio-8081-exec-7] Completed 200 OK
2024-05-27 06:19:29,053 DEBUG o.s.c.l.LogFormatUtils [http-nio-8081-exec-3] POST "/?v-r=heartbeat&v-uiId=1", parameters={v-r:[heartbeat], v-uiId:[1]}
2024-05-27 06:19:29,054 DEBUG o.s.w.s.FrameworkServlet [http-nio-8081-exec-3] Completed 200 OK
2024-05-27 06:24:30,047 DEBUG o.s.c.l.LogFormatUtils [http-nio-8081-exec-5] POST "/?v-r=heartbeat&v-uiId=1", parameters={v-r:[heartbeat], v-uiId:[1]}
2024-05-27 06:24:30,049 DEBUG o.s.w.s.FrameworkServlet [http-nio-8081-exec-5] Completed 200 OK
2024-05-27 06:29:31,060 DEBUG o.s.c.l.LogFormatUtils [http-nio-8081-exec-9] POST "/?v-r=heartbeat&v-uiId=1", parameters={v-r:[heartbeat], v-uiId:[1]}
2024-05-27 06:29:31,061 DEBUG o.s.w.s.FrameworkServlet [http-nio-8081-exec-9] Completed 200 OK
2024-05-27 06:34:32,055 DEBUG o.s.c.l.LogFormatUtils [http-nio-8081-exec-2] POST "/?v-r=heartbeat&v-uiId=1", parameters={v-r:[heartbeat], v-uiId:[1]}
2024-05-27 06:34:32,057 DEBUG o.s.w.s.FrameworkServlet [http-nio-8081-exec-2] Completed 200 OK
2024-05-27 06:39:33,047 DEBUG o.s.c.l.LogFormatUtils [http-nio-8081-exec-10] POST "/?v-r=heartbeat&v-uiId=1", parameters={v-r:[heartbeat], v-uiId:[1]}
2024-05-27 06:39:33,048 DEBUG o.s.w.s.FrameworkServlet [http-nio-8081-exec-10] Completed 200 OK
2024-05-27 06:44:34,052 DEBUG o.s.c.l.LogFormatUtils [http-nio-8081-exec-8] POST "/?v-r=heartbeat&v-uiId=1", parameters={v-r:[heartbeat], v-uiId:[1]}
2024-05-27 06:44:34,054 DEBUG o.s.w.s.FrameworkServlet [http-nio-8081-exec-8] Completed 200 OK
2024-05-27 06:49:35,059 DEBUG o.s.c.l.LogFormatUtils [http-nio-8081-exec-8] POST "/?v-r=heartbeat&v-uiId=1", parameters={v-r:[heartbeat], v-uiId:[1]}
2024-05-27 06:49:35,060 DEBUG o.s.w.s.FrameworkServlet [http-nio-8081-exec-8] Completed 200 OK
2024-05-27 06:54:36,048 DEBUG o.s.c.l.LogFormatUtils [http-nio-8081-exec-4] POST "/?v-r=heartbeat&v-uiId=1", parameters={v-r:[heartbeat], v-uiId:[1]}
2024-05-27 06:54:36,049 DEBUG o.s.w.s.FrameworkServlet [http-nio-8081-exec-4] Completed 200 OK
2024-05-27 06:59:37,051 DEBUG o.s.c.l.LogFormatUtils [http-nio-8081-exec-3] POST "/?v-r=heartbeat&v-uiId=1", parameters={v-r:[heartbeat], v-uiId:[1]}
2024-05-27 06:59:37,052 DEBUG o.s.w.s.FrameworkServlet [http-nio-8081-exec-3] Completed 200 OK
2024-05-27 07:04:38,058 DEBUG o.s.c.l.LogFormatUtils [http-nio-8081-exec-5] POST "/?v-r=heartbeat&v-uiId=1", parameters={v-r:[heartbeat], v-uiId:[1]}
2024-05-27 07:04:38,059 DEBUG o.s.w.s.FrameworkServlet [http-nio-8081-exec-5] Completed 200 OK
2024-05-27 07:09:39,048 DEBUG o.s.c.l.LogFormatUtils [http-nio-8081-exec-6] POST "/?v-r=heartbeat&v-uiId=1", parameters={v-r:[heartbeat], v-uiId:[1]}
2024-05-27 07:09:39,050 DEBUG o.s.w.s.FrameworkServlet [http-nio-8081-exec-6] Completed 200 OK
2024-05-27 07:14:40,058 DEBUG o.s.c.l.LogFormatUtils [http-nio-8081-exec-2] POST "/?v-r=heartbeat&v-uiId=1", parameters={v-r:[heartbeat], v-uiId:[1]}
2024-05-27 07:14:40,059 DEBUG o.s.w.s.FrameworkServlet [http-nio-8081-exec-2] Completed 200 OK
2024-05-27 07:19:41,053 DEBUG o.s.c.l.LogFormatUtils [http-nio-8081-exec-10] POST "/?v-r=heartbeat&v-uiId=1", parameters={v-r:[heartbeat], v-uiId:[1]}
2024-05-27 07:19:41,054 DEBUG o.s.w.s.FrameworkServlet [http-nio-8081-exec-10] Completed 200 OK
2024-05-27 07:24:42,055 DEBUG o.s.c.l.LogFormatUtils [http-nio-8081-exec-1] POST "/?v-r=heartbeat&v-uiId=1", parameters={v-r:[heartbeat], v-uiId:[1]}
2024-05-27 07:24:42,057 DEBUG o.s.w.s.FrameworkServlet [http-nio-8081-exec-1] Completed 200 OK
2024-05-27 07:29:43,051 DEBUG o.s.c.l.LogFormatUtils [http-nio-8081-exec-4] POST "/?v-r=heartbeat&v-uiId=1", parameters={v-r:[heartbeat], v-uiId:[1]}
2024-05-27 07:29:43,051 DEBUG o.s.w.s.FrameworkServlet [http-nio-8081-exec-4] Completed 200 OK
2024-05-27 07:34:44,051 DEBUG o.s.c.l.LogFormatUtils [http-nio-8081-exec-7] POST "/?v-r=heartbeat&v-uiId=1", parameters={v-r:[heartbeat], v-uiId:[1]}
2024-05-27 07:34:44,053 DEBUG o.s.w.s.FrameworkServlet [http-nio-8081-exec-7] Completed 200 OK
2024-05-27 07:39:45,060 DEBUG o.s.c.l.LogFormatUtils [http-nio-8081-exec-3] POST "/?v-r=heartbeat&v-uiId=1", parameters={v-r:[heartbeat], v-uiId:[1]}
2024-05-27 07:39:45,060 DEBUG o.s.w.s.FrameworkServlet [http-nio-8081-exec-3] Completed 200 OK
2024-05-27 07:44:46,051 DEBUG o.s.c.l.LogFormatUtils [http-nio-8081-exec-6] POST "/?v-r=heartbeat&v-uiId=1", parameters={v-r:[heartbeat], v-uiId:[1]}
2024-05-27 07:44:46,052 DEBUG o.s.w.s.FrameworkServlet [http-nio-8081-exec-6] Completed 200 OK
2024-05-27 07:49:47,058 DEBUG o.s.c.l.LogFormatUtils [http-nio-8081-exec-9] POST "/?v-r=heartbeat&v-uiId=1", parameters={v-r:[heartbeat], v-uiId:[1]}
2024-05-27 07:49:47,060 DEBUG o.s.w.s.FrameworkServlet [http-nio-8081-exec-9] Completed 200 OK
2024-05-27 07:54:48,046 DEBUG o.s.c.l.LogFormatUtils [http-nio-8081-exec-2] POST "/?v-r=heartbeat&v-uiId=1", parameters={v-r:[heartbeat], v-uiId:[1]}
2024-05-27 07:54:48,047 DEBUG o.s.w.s.FrameworkServlet [http-nio-8081-exec-2] Completed 200 OK
2024-05-27 07:59:49,048 DEBUG o.s.c.l.LogFormatUtils [http-nio-8081-exec-1] POST "/?v-r=heartbeat&v-uiId=1", parameters={v-r:[heartbeat], v-uiId:[1]}
2024-05-27 07:59:49,050 DEBUG o.s.w.s.FrameworkServlet [http-nio-8081-exec-1] Completed 200 OK
2024-05-27 08:04:50,050 DEBUG o.s.c.l.LogFormatUtils [http-nio-8081-exec-8] POST "/?v-r=heartbeat&v-uiId=1", parameters={v-r:[heartbeat], v-uiId:[1]}
2024-05-27 08:04:50,051 DEBUG o.s.w.s.FrameworkServlet [http-nio-8081-exec-8] Completed 200 OK
2024-05-27 08:09:51,052 DEBUG o.s.c.l.LogFormatUtils [http-nio-8081-exec-4] POST "/?v-r=heartbeat&v-uiId=1", parameters={v-r:[heartbeat], v-uiId:[1]}
2024-05-27 08:09:51,053 DEBUG o.s.w.s.FrameworkServlet [http-nio-8081-exec-4] Completed 200 OK
2024-05-27 08:14:52,050 DEBUG o.s.c.l.LogFormatUtils [http-nio-8081-exec-3] POST "/?v-r=heartbeat&v-uiId=1", parameters={v-r:[heartbeat], v-uiId:[1]}
2024-05-27 08:14:52,052 DEBUG o.s.w.s.FrameworkServlet [http-nio-8081-exec-3] Completed 200 OK
2024-05-27 08:19:53,047 DEBUG o.s.c.l.LogFormatUtils [http-nio-8081-exec-5] POST "/?v-r=heartbeat&v-uiId=1", parameters={v-r:[heartbeat], v-uiId:[1]}
2024-05-27 08:19:53,048 DEBUG o.s.w.s.FrameworkServlet [http-nio-8081-exec-5] Completed 200 OK
2024-05-27 08:24:54,060 DEBUG o.s.c.l.LogFormatUtils [http-nio-8081-exec-6] POST "/?v-r=heartbeat&v-uiId=1", parameters={v-r:[heartbeat], v-uiId:[1]}
2024-05-27 08:24:54,062 DEBUG o.s.w.s.FrameworkServlet [http-nio-8081-exec-6] Completed 200 OK
2024-05-27 08:29:55,048 DEBUG o.s.c.l.LogFormatUtils [http-nio-8081-exec-2] POST "/?v-r=heartbeat&v-uiId=1", parameters={v-r:[heartbeat], v-uiId:[1]}
2024-05-27 08:29:55,049 DEBUG o.s.w.s.FrameworkServlet [http-nio-8081-exec-2] Completed 200 OK
2024-05-27 08:34:56,048 DEBUG o.s.c.l.LogFormatUtils [http-nio-8081-exec-10] POST "/?v-r=heartbeat&v-uiId=1", parameters={v-r:[heartbeat], v-uiId:[1]}
2024-05-27 08:34:56,049 DEBUG o.s.w.s.FrameworkServlet [http-nio-8081-exec-10] Completed 200 OK
2024-05-27 08:39:57,054 DEBUG o.s.c.l.LogFormatUtils [http-nio-8081-exec-1] POST "/?v-r=heartbeat&v-uiId=1", parameters={v-r:[heartbeat], v-uiId:[1]}
2024-05-27 08:39:57,056 DEBUG o.s.w.s.FrameworkServlet [http-nio-8081-exec-1] Completed 200 OK
2024-05-27 08:44:58,047 DEBUG o.s.c.l.LogFormatUtils [http-nio-8081-exec-4] POST "/?v-r=heartbeat&v-uiId=1", parameters={v-r:[heartbeat], v-uiId:[1]}
2024-05-27 08:44:58,048 DEBUG o.s.w.s.FrameworkServlet [http-nio-8081-exec-4] Completed 200 OK
2024-05-27 08:49:59,053 DEBUG o.s.c.l.LogFormatUtils [http-nio-8081-exec-7] POST "/?v-r=heartbeat&v-uiId=1", parameters={v-r:[heartbeat], v-uiId:[1]}
2024-05-27 08:49:59,055 DEBUG o.s.w.s.FrameworkServlet [http-nio-8081-exec-7] Completed 200 OK
2024-05-27 08:55:00,059 DEBUG o.s.c.l.LogFormatUtils [http-nio-8081-exec-3] POST "/?v-r=heartbeat&v-uiId=1", parameters={v-r:[heartbeat], v-uiId:[1]}
2024-05-27 08:55:00,060 DEBUG o.s.w.s.FrameworkServlet [http-nio-8081-exec-3] Completed 200 OK
2024-05-27 09:00:01,053 DEBUG o.s.c.l.LogFormatUtils [http-nio-8081-exec-6] POST "/?v-r=heartbeat&v-uiId=1", parameters={v-r:[heartbeat], v-uiId:[1]}
2024-05-27 09:00:01,055 DEBUG o.s.w.s.FrameworkServlet [http-nio-8081-exec-6] Completed 200 OK
2024-05-27 09:05:02,059 DEBUG o.s.c.l.LogFormatUtils [http-nio-8081-exec-9] POST "/?v-r=heartbeat&v-uiId=1", parameters={v-r:[heartbeat], v-uiId:[1]}
2024-05-27 09:05:02,060 DEBUG o.s.w.s.FrameworkServlet [http-nio-8081-exec-9] Completed 200 OK
2024-05-27 09:06:00,037 DEBUG o.s.c.l.LogFormatUtils [http-nio-8081-exec-5] POST "/?v-r=uidl&v-uiId=1", parameters={v-r:[uidl], v-uiId:[1]}
2024-05-27 09:06:00,043 DEBUG o.s.w.s.FrameworkServlet [http-nio-8081-exec-5] Completed 200 OK
2024-05-27 09:06:51,081 INFO o.s.b.a.SpringApplicationAdminMXBeanRegistrar$SpringApplicationAdmin [RMI TCP Connection(3994)-127.0.0.1] Application shutdown requested.
2024-05-27 09:06:51,089 INFO o.a.j.l.DirectJDKLog [RMI TCP Connection(3994)-127.0.0.1] Stopping ProtocolHandler ["http-nio-8081"]
